#
# There is insufficient memory for the Java Runtime Environment to continue.
# Native memory allocation (malloc) failed to allocate 1113296 bytes for Chunk::new
# Possible reasons:
#   The system is out of physical RAM or swap space
#   The process is running with CompressedOops enabled, and the Java Heap may be blocking the growth of the native heap
# Possible solutions:
#   Reduce memory load on the system
#   Increase physical memory or swap space
#   Check if swap backing store is full
#   Decrease Java heap size (-Xmx/-Xms)
#   Decrease number of Java threads
#   Decrease Java thread stack sizes (-Xss)
#   Set larger code cache with -XX:ReservedCodeCacheSize=
#   JVM is running with Unscaled Compressed Oops mode in which the Java heap is
#     placed in the first 4GB address space. The Java Heap base address is the
#     maximum limit for the native heap growth. Please use -XX:HeapBaseMinAddress
#     to set the Java Heap base and to place the Java Heap above 4GB virtual address.
# This output file may be truncated or incomplete.
#
#  Out of Memory Error (allocation.cpp:389), pid=2072, tid=0x00000000000007f0
#
# JRE version: OpenJDK Runtime Environment (8.0_212-b04) (build 1.8.0_212-release-1586-b04)
# Java VM: OpenJDK 64-Bit Server VM (25.212-b04 mixed mode windows-amd64 compressed oops)
# Failed to write core dump. Minidumps are not enabled by default on client versions of Windows
#

---------------  T H R E A D  ---------------

Current thread (0x000000001684e800):  JavaThread "C2 CompilerThread0" daemon [_thread_in_native, id=2032, stack(0x0000000017ea0000,0x0000000017fa0000)]

Stack: [0x0000000017ea0000,0x0000000017fa0000]
[error occurred during error reporting (printing stack bounds), id 0xc0000005]

Native frames: (J=compiled Java code, j=interpreted, Vv=VM code, C=native code)


Current CompileTask:
C2:   5912 3248       4       groovy.lang.MetaClassImpl$1MOPIter::methodNameAction (325 bytes)


---------------  P R O C E S S  ---------------

Java Threads: ( => current thread )
  0x000000001fed8000 JavaThread "Build operations Thread 4" [_thread_blocked, id=976, stack(0x0000000021f10000,0x0000000022010000)]
  0x000000001feda800 JavaThread "Build operations Thread 3" [_thread_blocked, id=264, stack(0x0000000021e10000,0x0000000021f10000)]
  0x000000001fedc000 JavaThread "Build operations Thread 2" [_thread_blocked, id=1136, stack(0x0000000021d10000,0x0000000021e10000)]
  0x000000001fedc800 JavaThread "Build operations" [_thread_blocked, id=4736, stack(0x00000000216c0000,0x00000000217c0000)]
  0x00000000191af000 JavaThread "Cache worker for execution history cache (C:\Users\salme\.gradle\caches\5.6.4\executionHistory)" [_thread_blocked, id=8416, stack(0x00000000215c0000,0x00000000216c0000)]
  0x00000000191ae800 JavaThread "Cache worker for cache directory md-rule (C:\Users\salme\.gradle\caches\5.6.4\md-rule)" [_thread_blocked, id=1884, stack(0x00000000214c0000,0x00000000215c0000)]
  0x00000000191ad800 JavaThread "Cache worker for cache directory md-supplier (C:\Users\salme\.gradle\caches\5.6.4\md-supplier)" [_thread_blocked, id=1048, stack(0x000000001f160000,0x000000001f260000)]
  0x00000000191ab800 JavaThread "Cache worker for file hash cache (C:\Users\salme\AndroidStudioProjects\firebase\.gradle\5.6.4\fileHashes)" [_thread_blocked, id=7536, stack(0x000000001e860000,0x000000001e960000)]
  0x00000000191b2000 JavaThread "Cache worker for journal cache (C:\Users\salme\.gradle\caches\journal-1)" [_thread_blocked, id=1500, stack(0x000000001c3c0000,0x000000001c4c0000)]
  0x00000000191b0800 JavaThread "File lock request listener" [_thread_in_native, id=320, stack(0x000000001c2c0000,0x000000001c3c0000)]
  0x000000001a342800 JavaThread "Cache worker for file hash cache (C:\Users\salme\.gradle\caches\5.6.4\fileHashes)" [_thread_blocked, id=2384, stack(0x000000001c1c0000,0x000000001c2c0000)]
  0x000000001a1fb800 JavaThread "Thread-9" [_thread_blocked, id=9088, stack(0x000000001c0c0000,0x000000001c1c0000)]
  0x000000001a1fb000 JavaThread "Stdin handler" [_thread_blocked, id=4660, stack(0x000000001bfc0000,0x000000001c0c0000)]
  0x000000001a230800 JavaThread "Asynchronous log dispatcher for DefaultDaemonConnection: socket connection from /127.0.0.1:49858 to /127.0.0.1:49859" [_thread_blocked, id=5460, stack(0x000000001bec0000,0x000000001bfc0000)]
  0x000000001a18d000 JavaThread "Daemon worker" [_thread_in_vm, id=5936, stack(0x000000001bdc0000,0x000000001bec0000)]
  0x000000001a184000 JavaThread "Cancel handler" [_thread_blocked, id=8408, stack(0x000000001bcc0000,0x000000001bdc0000)]
  0x000000001a165800 JavaThread "Handler for socket connection from /127.0.0.1:49858 to /127.0.0.1:49859" [_thread_in_native, id=6276, stack(0x000000001b9c0000,0x000000001bac0000)]
  0x000000001883d800 JavaThread "Daemon" [_thread_blocked, id=8680, stack(0x000000001b8c0000,0x000000001b9c0000)]
  0x000000001a10d800 JavaThread "Daemon periodic checks" [_thread_blocked, id=8536, stack(0x000000001b7c0000,0x000000001b8c0000)]
  0x000000001a10c000 JavaThread "Incoming local TCP Connector on port 49858" [_thread_in_native, id=5648, stack(0x000000001b580000,0x000000001b680000)]
  0x000000001896b000 JavaThread "Daemon health stats" [_thread_blocked, id=8132, stack(0x000000001af40000,0x000000001b040000)]
  0x00000000181c8800 JavaThread "Service Thread" daemon [_thread_blocked, id=3192, stack(0x00000000185a0000,0x00000000186a0000)]
  0x000000001685a000 JavaThread "C1 CompilerThread2" daemon [_thread_blocked, id=1164, stack(0x00000000180a0000,0x00000000181a0000)]
  0x0000000016851000 JavaThread "C2 CompilerThread1" daemon [_thread_in_native, id=8892, stack(0x0000000017fa0000,0x00000000180a0000)]
=>0x000000001684e800 JavaThread "C2 CompilerThread0" daemon [_thread_in_native, id=2032, stack(0x0000000017ea0000,0x0000000017fa0000)]
  0x000000001684a800 JavaThread "Attach Listener" daemon [_thread_blocked, id=6820, stack(0x0000000017da0000,0x0000000017ea0000)]
  0x0000000016849800 JavaThread "Signal Dispatcher" daemon [_thread_blocked, id=1280, stack(0x0000000017ca0000,0x0000000017da0000)]
  0x0000000002deb000 JavaThread "Finalizer" daemon [_thread_blocked, id=1956, stack(0x0000000017aa0000,0x0000000017ba0000)]
  0x0000000016839000 JavaThread "Reference Handler" daemon [_thread_blocked, id=8904, stack(0x00000000179a0000,0x0000000017aa0000)]
  0x0000000002cf2800 JavaThread "main" [_thread_blocked, id=2804, stack(0x0000000001420000,0x0000000001520000)]

Other Threads:
  0x0000000016817000 VMThread [stack: 0x00000000178a0000,0x00000000179a0000] [id=8596]
  0x00000000168ae800 WatcherThread [stack: 0x00000000186a0000,0x00000000187a0000] [id=4316]

VM state:not at safepoint (normal execution)

VM Mutex/Monitor currently owned by a thread: None

heap address: 0x00000000a0000000, size: 1536 MB, Compressed Oops mode: 32-bit
Narrow klass base: 0x0000000000000000, Narrow klass shift: 3
Compressed class space size: 1073741824 Address: 0x0000000100000000

Heap:
 PSYoungGen      total 117760K, used 17178K [0x00000000e0000000, 0x00000000ea500000, 0x0000000100000000)
  eden space 105984K, 16% used [0x00000000e0000000,0x00000000e10c6888,0x00000000e6780000)
  from space 11776K, 0% used [0x00000000e6780000,0x00000000e6780000,0x00000000e7300000)
  to   space 12288K, 0% used [0x00000000e9900000,0x00000000e9900000,0x00000000ea500000)
 ParOldGen       total 59904K, used 17108K [0x00000000a0000000, 0x00000000a3a80000, 0x00000000e0000000)
  object space 59904K, 28% used [0x00000000a0000000,0x00000000a10b5238,0x00000000a3a80000)
 Metaspace       used 35891K, capacity 36775K, committed 36992K, reserved 1081344K
  class space    used 4919K, capacity 5149K, committed 5248K, reserved 1048576K

Card table byte_map: [0x00000000122a0000,0x00000000125b0000] byte_map_base: 0x0000000011da0000

Marking Bits: (ParMarkBitMap*) 0x0000000060809f30
 Begin Bits: [0x0000000012bb0000, 0x00000000143b0000)
 End Bits:   [0x00000000143b0000, 0x0000000015bb0000)

Polling page: 0x0000000001520000

CodeCache: size=245760Kb used=11739Kb max_used=11739Kb free=234020Kb
 bounds [0x0000000002ee0000, 0x0000000003a60000, 0x0000000011ee0000]
 total_blobs=4028 nmethods=3323 adapters=618
 compilation: enabled

Compilation events (10 events):
Event: 5.846 Thread 0x000000001685a000 3380       3       java.lang.invoke.InnerClassLambdaMetafactory::getParameterSize (27 bytes)
Event: 5.847 Thread 0x000000001685a000 nmethod 3380 0x0000000003a5a0d0 code [0x0000000003a5a240, 0x0000000003a5a470]
Event: 5.862 Thread 0x000000001685a000 3381       3       com.google.common.base.Preconditions::checkNotNull (18 bytes)
Event: 5.862 Thread 0x000000001685a000 nmethod 3381 0x0000000003a5ab90 code [0x0000000003a5ad20, 0x0000000003a5b0b8]
Event: 5.864 Thread 0x000000001685a000 3382       3       com.google.common.collect.MapMakerInternalMap$StrongKeyWeakValueSegment::maybeDrainReferenceQueues (9 bytes)
Event: 5.864 Thread 0x000000001685a000 nmethod 3382 0x0000000003a5b210 code [0x0000000003a5b380, 0x0000000003a5b588]
Event: 5.864 Thread 0x000000001685a000 3383       3       com.google.common.collect.MapMakerInternalMap$Segment::drainValueReferenceQueue (42 bytes)
Event: 5.865 Thread 0x000000001685a000 nmethod 3383 0x0000000003a5b610 code [0x0000000003a5b800, 0x0000000003a5c2e8]
Event: 5.865 Thread 0x000000001685a000 3384       3       com.google.common.collect.MapMakerInternalMap$StrongKeyWeakValueEntry$Helper::newEntry (12 bytes)
Event: 5.865 Thread 0x000000001685a000 nmethod 3384 0x0000000003a5c850 code [0x0000000003a5c9c0, 0x0000000003a5cd30]

GC Heap History (10 events):
Event: 3.117 GC heap before
{Heap before GC invocations=7 (full 1):
 PSYoungGen      total 76800K, used 8662K [0x00000000e0000000, 0x00000000e5700000, 0x0000000100000000)
  eden space 66048K, 0% used [0x00000000e0000000,0x00000000e0000000,0x00000000e4080000)
  from space 10752K, 80% used [0x00000000e4b80000,0x00000000e53f59a0,0x00000000e5600000)
  to   space 11264K, 0% used [0x00000000e4080000,0x00000000e4080000,0x00000000e4b80000)
 ParOldGen       total 87552K, used 7416K [0x00000000a0000000, 0x00000000a5580000, 0x00000000e0000000)
  object space 87552K, 8% used [0x00000000a0000000,0x00000000a073e3a8,0x00000000a5580000)
 Metaspace       used 20661K, capacity 21202K, committed 21296K, reserved 1067008K
  class space    used 2978K, capacity 3161K, committed 3200K, reserved 1048576K
Event: 3.157 GC heap after
Heap after GC invocations=7 (full 1):
 PSYoungGen      total 76800K, used 0K [0x00000000e0000000, 0x00000000e5700000, 0x0000000100000000)
  eden space 66048K, 0% used [0x00000000e0000000,0x00000000e0000000,0x00000000e4080000)
  from space 10752K, 0% used [0x00000000e4b80000,0x00000000e4b80000,0x00000000e5600000)
  to   space 11264K, 0% used [0x00000000e4080000,0x00000000e4080000,0x00000000e4b80000)
 ParOldGen       total 59904K, used 9402K [0x00000000a0000000, 0x00000000a3a80000, 0x00000000e0000000)
  object space 59904K, 15% used [0x00000000a0000000,0x00000000a092e9e0,0x00000000a3a80000)
 Metaspace       used 20661K, capacity 21202K, committed 21296K, reserved 1067008K
  class space    used 2978K, capacity 3161K, committed 3200K, reserved 1048576K
}
Event: 4.046 GC heap before
{Heap before GC invocations=8 (full 1):
 PSYoungGen      total 76800K, used 66048K [0x00000000e0000000, 0x00000000e5700000, 0x0000000100000000)
  eden space 66048K, 100% used [0x00000000e0000000,0x00000000e4080000,0x00000000e4080000)
  from space 10752K, 0% used [0x00000000e4b80000,0x00000000e4b80000,0x00000000e5600000)
  to   space 11264K, 0% used [0x00000000e4080000,0x00000000e4080000,0x00000000e4b80000)
 ParOldGen       total 59904K, used 9402K [0x00000000a0000000, 0x00000000a3a80000, 0x00000000e0000000)
  object space 59904K, 15% used [0x00000000a0000000,0x00000000a092e9e0,0x00000000a3a80000)
 Metaspace       used 29030K, capacity 29564K, committed 29696K, reserved 1075200K
  class space    used 3907K, capacity 4067K, committed 4096K, reserved 1048576K
Event: 4.062 GC heap after
Heap after GC invocations=8 (full 1):
 PSYoungGen      total 77312K, used 7984K [0x00000000e0000000, 0x00000000e7e00000, 0x0000000100000000)
  eden space 66048K, 0% used [0x00000000e0000000,0x00000000e0000000,0x00000000e4080000)
  from space 11264K, 70% used [0x00000000e4080000,0x00000000e484c030,0x00000000e4b80000)
  to   space 11264K, 0% used [0x00000000e7300000,0x00000000e7300000,0x00000000e7e00000)
 ParOldGen       total 59904K, used 9410K [0x00000000a0000000, 0x00000000a3a80000, 0x00000000e0000000)
  object space 59904K, 15% used [0x00000000a0000000,0x00000000a09309e0,0x00000000a3a80000)
 Metaspace       used 29030K, capacity 29564K, committed 29696K, reserved 1075200K
  class space    used 3907K, capacity 4067K, committed 4096K, reserved 1048576K
}
Event: 4.841 GC heap before
{Heap before GC invocations=9 (full 1):
 PSYoungGen      total 77312K, used 74032K [0x00000000e0000000, 0x00000000e7e00000, 0x0000000100000000)
  eden space 66048K, 100% used [0x00000000e0000000,0x00000000e4080000,0x00000000e4080000)
  from space 11264K, 70% used [0x00000000e4080000,0x00000000e484c030,0x00000000e4b80000)
  to   space 11264K, 0% used [0x00000000e7300000,0x00000000e7300000,0x00000000e7e00000)
 ParOldGen       total 59904K, used 9410K [0x00000000a0000000, 0x00000000a3a80000, 0x00000000e0000000)
  object space 59904K, 15% used [0x00000000a0000000,0x00000000a09309e0,0x00000000a3a80000)
 Metaspace       used 32004K, capacity 32532K, committed 32768K, reserved 1077248K
  class space    used 4383K, capacity 4587K, committed 4608K, reserved 1048576K
Event: 4.854 GC heap after
Heap after GC invocations=9 (full 1):
 PSYoungGen      total 117248K, used 8383K [0x00000000e0000000, 0x00000000e7e80000, 0x0000000100000000)
  eden space 105984K, 0% used [0x00000000e0000000,0x00000000e0000000,0x00000000e6780000)
  from space 11264K, 74% used [0x00000000e7300000,0x00000000e7b2fc48,0x00000000e7e00000)
  to   space 11776K, 0% used [0x00000000e6780000,0x00000000e6780000,0x00000000e7300000)
 ParOldGen       total 59904K, used 9418K [0x00000000a0000000, 0x00000000a3a80000, 0x00000000e0000000)
  object space 59904K, 15% used [0x00000000a0000000,0x00000000a09329e0,0x00000000a3a80000)
 Metaspace       used 32004K, capacity 32532K, committed 32768K, reserved 1077248K
  class space    used 4383K, capacity 4587K, committed 4608K, reserved 1048576K
}
Event: 5.590 GC heap before
{Heap before GC invocations=10 (full 1):
 PSYoungGen      total 117248K, used 68278K [0x00000000e0000000, 0x00000000e7e80000, 0x0000000100000000)
  eden space 105984K, 56% used [0x00000000e0000000,0x00000000e3a7ddf8,0x00000000e6780000)
  from space 11264K, 74% used [0x00000000e7300000,0x00000000e7b2fc48,0x00000000e7e00000)
  to   space 11776K, 0% used [0x00000000e6780000,0x00000000e6780000,0x00000000e7300000)
 ParOldGen       total 59904K, used 9418K [0x00000000a0000000, 0x00000000a3a80000, 0x00000000e0000000)
  object space 59904K, 15% used [0x00000000a0000000,0x00000000a09329e0,0x00000000a3a80000)
 Metaspace       used 34639K, capacity 35471K, committed 35496K, reserved 1079296K
  class space    used 4756K, capacity 4992K, committed 4992K, reserved 1048576K
Event: 5.604 GC heap after
Heap after GC invocations=10 (full 1):
 PSYoungGen      total 117760K, used 10294K [0x00000000e0000000, 0x00000000ea500000, 0x0000000100000000)
  eden space 105984K, 0% used [0x00000000e0000000,0x00000000e0000000,0x00000000e6780000)
  from space 11776K, 87% used [0x00000000e6780000,0x00000000e718d8c8,0x00000000e7300000)
  to   space 12288K, 0% used [0x00000000e9900000,0x00000000e9900000,0x00000000ea500000)
 ParOldGen       total 59904K, used 9426K [0x00000000a0000000, 0x00000000a3a80000, 0x00000000e0000000)
  object space 59904K, 15% used [0x00000000a0000000,0x00000000a09349e0,0x00000000a3a80000)
 Metaspace       used 34639K, capacity 35471K, committed 35496K, reserved 1079296K
  class space    used 4756K, capacity 4992K, committed 4992K, reserved 1048576K
}
Event: 5.604 GC heap before
{Heap before GC invocations=11 (full 2):
 PSYoungGen      total 117760K, used 10294K [0x00000000e0000000, 0x00000000ea500000, 0x0000000100000000)
  eden space 105984K, 0% used [0x00000000e0000000,0x00000000e0000000,0x00000000e6780000)
  from space 11776K, 87% used [0x00000000e6780000,0x00000000e718d8c8,0x00000000e7300000)
  to   space 12288K, 0% used [0x00000000e9900000,0x00000000e9900000,0x00000000ea500000)
 ParOldGen       total 59904K, used 9426K [0x00000000a0000000, 0x00000000a3a80000, 0x00000000e0000000)
  object space 59904K, 15% used [0x00000000a0000000,0x00000000a09349e0,0x00000000a3a80000)
 Metaspace       used 34639K, capacity 35471K, committed 35496K, reserved 1079296K
  class space    used 4756K, capacity 4992K, committed 4992K, reserved 1048576K
Event: 5.663 GC heap after
Heap after GC invocations=11 (full 2):
 PSYoungGen      total 117760K, used 0K [0x00000000e0000000, 0x00000000ea500000, 0x0000000100000000)
  eden space 105984K, 0% used [0x00000000e0000000,0x00000000e0000000,0x00000000e6780000)
  from space 11776K, 0% used [0x00000000e6780000,0x00000000e6780000,0x00000000e7300000)
  to   space 12288K, 0% used [0x00000000e9900000,0x00000000e9900000,0x00000000ea500000)
 ParOldGen       total 59904K, used 17108K [0x00000000a0000000, 0x00000000a3a80000, 0x00000000e0000000)
  object space 59904K, 28% used [0x00000000a0000000,0x00000000a10b5238,0x00000000a3a80000)
 Metaspace       used 34633K, capacity 35453K, committed 35496K, reserved 1079296K
  class space    used 4754K, capacity 4989K, committed 4992K, reserved 1048576K
}

Deoptimization events (10 events):
Event: 5.308 Thread 0x000000001fed8000 Uncommon trap: reason=unstable_if action=reinterpret pc=0x00000000034c9ff0 method=java.util.concurrent.ConcurrentHashMap.putVal(Ljava/lang/Object;Ljava/lang/Object;Z)Ljava/lang/Object; @ 98
Event: 5.309 Thread 0x000000001fedc800 Uncommon trap: reason=unstable_if action=reinterpret pc=0x00000000038c78dc method=java.util.concurrent.ConcurrentHashMap.get(Ljava/lang/Object;)Ljava/lang/Object; @ 86
Event: 5.309 Thread 0x000000001fedc800 Uncommon trap: reason=unstable_if action=reinterpret pc=0x0000000003383214 method=java.util.concurrent.ConcurrentHashMap.addCount(JI)V @ 168
Event: 5.309 Thread 0x000000001fedc800 Uncommon trap: reason=unstable_if action=reinterpret pc=0x00000000033ce9c8 method=java.util.concurrent.ConcurrentHashMap.transfer([Ljava/util/concurrent/ConcurrentHashMap$Node;[Ljava/util/concurrent/ConcurrentHashMap$Node;)V @ 34
Event: 5.311 Thread 0x000000001feda800 Uncommon trap: reason=unstable_if action=reinterpret pc=0x00000000033ce9f8 method=java.util.concurrent.ConcurrentHashMap.transfer([Ljava/util/concurrent/ConcurrentHashMap$Node;[Ljava/util/concurrent/ConcurrentHashMap$Node;)V @ 277
Event: 5.311 Thread 0x000000001feda800 Uncommon trap: reason=unstable_if action=reinterpret pc=0x00000000034ca0a0 method=java.util.concurrent.ConcurrentHashMap.addCount(JI)V @ 168
Event: 5.316 Thread 0x000000001fedc000 Uncommon trap: reason=unstable_if action=reinterpret pc=0x00000000033cad68 method=java.util.concurrent.ConcurrentHashMap.transfer([Ljava/util/concurrent/ConcurrentHashMap$Node;[Ljava/util/concurrent/ConcurrentHashMap$Node;)V @ 277
Event: 5.476 Thread 0x000000001a18d000 Uncommon trap: reason=unstable_if action=reinterpret pc=0x00000000031cf278 method=java.util.jar.JarFile.match([C[B[I[I)Z @ 29
Event: 5.536 Thread 0x000000001a18d000 Uncommon trap: reason=unstable_if action=reinterpret pc=0x0000000003392c4c method=java.util.WeakHashMap.expungeStaleEntries()V @ 66
Event: 5.576 Thread 0x000000001a18d000 Uncommon trap: reason=range_check action=make_not_entrant pc=0x000000000387c5c8 method=java.lang.String.charAt(I)C @ 27

Classes redefined (0 events):
No events

Internal exceptions (10 events):
Event: 5.703 Thread 0x000000001a18d000 Exception <a 'java/lang/ClassNotFoundException': org/gradle/api/internal/AbstractTaskBeanInfo> (0x00000000e02bbfd8) thrown at [D:\src\AOSP-openjdk-cygwin\jdk8u\hotspot\src\share\vm\classfile\systemDictionary.cpp, line 210]
Event: 5.704 Thread 0x000000001a18d000 Exception <a 'java/lang/ClassNotFoundException': org/gradle/api/internal/AbstractTaskCustomizer> (0x00000000e02ef180) thrown at [D:\src\AOSP-openjdk-cygwin\jdk8u\hotspot\src\share\vm\classfile\systemDictionary.cpp, line 210]
Event: 5.710 Thread 0x000000001a18d000 Exception <a 'java/lang/ClassNotFoundException': org/gradle/api/DefaultTaskCustomizer> (0x00000000e037aeb8) thrown at [D:\src\AOSP-openjdk-cygwin\jdk8u\hotspot\src\share\vm\classfile\systemDictionary.cpp, line 210]
Event: 5.711 Thread 0x000000001a18d000 Exception <a 'java/lang/ClassNotFoundException': org/gradle/api/internal/ConventionTaskCustomizer> (0x00000000e03bd818) thrown at [D:\src\AOSP-openjdk-cygwin\jdk8u\hotspot\src\share\vm\classfile\systemDictionary.cpp, line 210]
Event: 5.713 Thread 0x000000001a18d000 Exception <a 'java/lang/ClassNotFoundException': org/gradle/api/tasks/DeleteCustomizer> (0x00000000e03fcae0) thrown at [D:\src\AOSP-openjdk-cygwin\jdk8u\hotspot\src\share\vm\classfile\systemDictionary.cpp, line 210]
Event: 5.715 Thread 0x000000001a18d000 Exception <a 'java/lang/ClassNotFoundException': org/gradle/api/tasks/Delete_DecoratedCustomizer> (0x00000000e0449948) thrown at [D:\src\AOSP-openjdk-cygwin\jdk8u\hotspot\src\share\vm\classfile\systemDictionary.cpp, line 210]
Event: 5.737 Thread 0x000000001a18d000 Exception <a 'java/lang/ClassNotFoundException': build_e2bh1g7se15hs5hb1scl66658BeanInfo> (0x00000000e0568678) thrown at [D:\src\AOSP-openjdk-cygwin\jdk8u\hotspot\src\share\vm\classfile\systemDictionary.cpp, line 210]
Event: 5.738 Thread 0x000000001a18d000 Exception <a 'java/lang/ClassNotFoundException': build_e2bh1g7se15hs5hb1scl66658Customizer> (0x00000000e0575070) thrown at [D:\src\AOSP-openjdk-cygwin\jdk8u\hotspot\src\share\vm\classfile\systemDictionary.cpp, line 210]
Event: 5.742 Thread 0x000000001a18d000 Exception <a 'java/lang/ClassNotFoundException': org/gradle/api/internal/plugins/DefaultObjectConfigurationActionBeanInfo> (0x00000000e05ebb10) thrown at [D:\src\AOSP-openjdk-cygwin\jdk8u\hotspot\src\share\vm\classfile\systemDictionary.cpp, line 210]
Event: 5.742 Thread 0x000000001a18d000 Exception <a 'java/lang/ClassNotFoundException': org/gradle/api/internal/plugins/DefaultObjectConfigurationActionCustomizer> (0x00000000e062ed90) thrown at [D:\src\AOSP-openjdk-cygwin\jdk8u\hotspot\src\share\vm\classfile\systemDictionary.cpp, line 210]

Events (10 events):
Event: 5.860 loading class com/android/tools/lint/gradle/api/ToolingRegistryProvider
Event: 5.860 loading class com/android/tools/lint/gradle/api/ToolingRegistryProvider done
Event: 5.861 loading class com/android/build/gradle/internal/plugins/AppPlugin$DeprecatedConfigurationAction
Event: 5.861 loading class com/android/build/gradle/internal/plugins/AppPlugin$DeprecatedConfigurationAction done
Event: 5.862 loading class org/gradle/api/Action
Event: 5.862 loading class org/gradle/api/Action done
Event: 5.862 loading class com/android/utils/ILogger
Event: 5.862 loading class com/android/utils/ILogger done
Event: 5.864 loading class com/android/builder/errors/EvalIssueReporter
Event: 5.864 loading class com/android/builder/errors/EvalIssueReporter done


Dynamic libraries:
0x00007ff79aef0000 - 0x00007ff79af21000 	C:\Users\salme\android\jre\bin\java.exe
0x00007ffa0c200000 - 0x00007ffa0c3f0000 	C:\Windows\SYSTEM32\ntdll.dll
0x00007ffa0b020000 - 0x00007ffa0b0d2000 	C:\Windows\System32\KERNEL32.DLL
0x00007ffa09e40000 - 0x00007ffa0a0e3000 	C:\Windows\System32\KERNELBASE.dll
0x00007ffa0a490000 - 0x00007ffa0a533000 	C:\Windows\System32\ADVAPI32.dll
0x00007ffa0b5f0000 - 0x00007ffa0b68e000 	C:\Windows\System32\msvcrt.dll
0x00007ffa0a2b0000 - 0x00007ffa0a347000 	C:\Windows\System32\sechost.dll
0x00007ffa0af00000 - 0x00007ffa0b020000 	C:\Windows\System32\RPCRT4.dll
0x00007ffa0c020000 - 0x00007ffa0c1b4000 	C:\Windows\System32\USER32.dll
0x00007ffa09e10000 - 0x00007ffa09e31000 	C:\Windows\System32\win32u.dll
0x00007ffa0b1c0000 - 0x00007ffa0b1e6000 	C:\Windows\System32\GDI32.dll
0x00007ffa0a0f0000 - 0x00007ffa0a284000 	C:\Windows\System32\gdi32full.dll
0x00007ffa09370000 - 0x00007ffa0940e000 	C:\Windows\System32\msvcp_win.dll
0x00007ffa09410000 - 0x00007ffa0950a000 	C:\Windows\System32\ucrtbase.dll
0x00007ff9f7710000 - 0x00007ff9f7995000 	C:\Windows\WinSxS\amd64_microsoft.windows.common-controls_6595b64144ccf1df_6.0.18362.720_none_e6beb5c51314836b\COMCTL32.dll
0x00007ffa0abc0000 - 0x00007ffa0aef6000 	C:\Windows\System32\combase.dll
0x00007ffa09510000 - 0x00007ffa09590000 	C:\Windows\System32\bcryptPrimitives.dll
0x00007ffa0a5b0000 - 0x00007ffa0a5de000 	C:\Windows\System32\IMM32.DLL
0x000000005ff60000 - 0x0000000060032000 	C:\Users\salme\android\jre\jre\bin\msvcr100.dll
0x0000000060040000 - 0x0000000060886000 	C:\Users\salme\android\jre\jre\bin\server\jvm.dll
0x00007ffa0abb0000 - 0x00007ffa0abb8000 	C:\Windows\System32\PSAPI.DLL
0x00007ffa06250000 - 0x00007ffa06274000 	C:\Windows\SYSTEM32\WINMM.dll
0x00007ffa04cf0000 - 0x00007ffa04cf9000 	C:\Windows\SYSTEM32\WSOCK32.dll
0x00007ffa0b1f0000 - 0x00007ffa0b25f000 	C:\Windows\System32\WS2_32.dll
0x00007ffa077e0000 - 0x00007ffa077ea000 	C:\Windows\SYSTEM32\VERSION.dll
0x00007ffa06220000 - 0x00007ffa0624d000 	C:\Windows\SYSTEM32\WINMMBASE.dll
0x00007ffa09dc0000 - 0x00007ffa09e0a000 	C:\Windows\System32\cfgmgr32.dll
0x00007ffa04cd0000 - 0x00007ffa04cdf000 	C:\Users\salme\android\jre\jre\bin\verify.dll
0x00007ff9fb540000 - 0x00007ff9fb569000 	C:\Users\salme\android\jre\jre\bin\java.dll
0x00007ffa00da0000 - 0x00007ffa00db6000 	C:\Users\salme\android\jre\jre\bin\zip.dll
0x00007ffa0b920000 - 0x00007ffa0c005000 	C:\Windows\System32\SHELL32.dll
0x00007ffa0b870000 - 0x00007ffa0b919000 	C:\Windows\System32\shcore.dll
0x00007ffa09590000 - 0x00007ffa09d10000 	C:\Windows\System32\windows.storage.dll
0x00007ffa09110000 - 0x00007ffa09133000 	C:\Windows\System32\profapi.dll
0x00007ffa09140000 - 0x00007ffa0918a000 	C:\Windows\System32\powrprof.dll
0x00007ffa090c0000 - 0x00007ffa090d0000 	C:\Windows\System32\UMPDC.dll
0x00007ffa0b260000 - 0x00007ffa0b2b2000 	C:\Windows\System32\shlwapi.dll
0x00007ffa090d0000 - 0x00007ffa090e1000 	C:\Windows\System32\kernel.appcore.dll
0x00007ffa0a290000 - 0x00007ffa0a2a7000 	C:\Windows\System32\cryptsp.dll
0x00007ff9ed650000 - 0x00007ff9ed66a000 	C:\Users\salme\android\jre\jre\bin\net.dll
0x00007ff9f5700000 - 0x00007ff9f58d5000 	C:\Windows\SYSTEM32\urlmon.dll
0x00007ff9f4f00000 - 0x00007ff9f51a6000 	C:\Windows\SYSTEM32\iertutil.dll
0x00007ffa08b00000 - 0x00007ffa08b0c000 	C:\Windows\SYSTEM32\CRYPTBASE.DLL
0x00007ffa08930000 - 0x00007ffa08997000 	C:\Windows\system32\mswsock.dll
0x00007ff9ed630000 - 0x00007ff9ed643000 	C:\Users\salme\android\jre\jre\bin\nio.dll
0x00007ff9db350000 - 0x00007ff9db376000 	C:\Users\salme\.gradle\native\30\windows-amd64\native-platform.dll
0x00007ffa04cc0000 - 0x00007ffa04ccd000 	C:\Users\salme\android\jre\jre\bin\management.dll
0x00007ffa084a0000 - 0x00007ffa084d3000 	C:\Windows\system32\rsaenh.dll
0x00007ffa091f0000 - 0x00007ffa09216000 	C:\Windows\System32\bcrypt.dll
0x00007ffa08fb0000 - 0x00007ffa08fd5000 	C:\Windows\SYSTEM32\USERENV.dll
0x00007ffa08640000 - 0x00007ffa0867a000 	C:\Windows\SYSTEM32\IPHLPAPI.DLL
0x00007ffa0c010000 - 0x00007ffa0c018000 	C:\Windows\System32\NSI.dll
0x00007ffa00590000 - 0x00007ffa005a6000 	C:\Windows\SYSTEM32\dhcpcsvc6.DLL
0x00007ffa01fb0000 - 0x00007ffa01fcc000 	C:\Windows\SYSTEM32\dhcpcsvc.DLL
0x00007ffa08680000 - 0x00007ffa0874a000 	C:\Windows\SYSTEM32\DNSAPI.dll

VM Arguments:
jvm_args: -Xmx1536m -Dfile.encoding=windows-1252 -Duser.country=US -Duser.language=en -Duser.variant 
java_command: org.gradle.launcher.daemon.bootstrap.GradleDaemon 5.6.4
java_class_path (initial): C:\Users\salme\.gradle\wrapper\dists\gradle-5.6.4-all\ankdp27end7byghfw1q2sw75f\gradle-5.6.4\lib\gradle-launcher-5.6.4.jar
Launcher Type: SUN_STANDARD

Environment Variables:
PATH=C:\Windows\system32;C:\Windows;C:\Windows\System32\Wbem;C:\Windows\System32\WindowsPowerShell\v1.0\;C:\Windows\System32\OpenSSH\;C:\Users\salme\AppData\Local\Microsoft\WindowsApps;
USERNAME=salme
OS=Windows_NT
PROCESSOR_IDENTIFIER=Intel64 Family 6 Model 142 Stepping 9, GenuineIntel



---------------  S Y S T E M  ---------------

OS: Windows 10.0 , 64 bit Build 18362 (10.0.18362.329)

CPU:total 4 (initial active 4) (2 cores per cpu, 2 threads per core) family 6 model 142 stepping 9, cmov, cx8, fxsr, mmx, sse, sse2, sse3, ssse3, sse4.1, sse4.2, popcnt, avx, avx2, aes, clmul, erms, 3dnowpref, lzcnt, ht, tsc, tscinvbit, bmi1, bmi2, adx

Memory: 4k page, physical 8302412k(1548572k free), swap 33468236k(5136k free)

vm_info: OpenJDK 64-Bit Server VM (25.212-b04) for windows-amd64 JRE (1.8.0_212-release-1586-b04), built by "builder" with MS VC++ 10.0 (VS2010)

time: Tue Mar 17 17:52:56 2020
timezone: India Standard Time
elapsed time: 5 seconds (0d 0h 0m 5s)

